0.000000 0.000000
0.000592 0.038816
0.002337 0.075327
0.005187 0.109626
0.009098 0.141806
0.014025 0.171956
0.019924 0.200165
0.026752 0.226520
0.034468 0.251105
0.043030 0.274005
0.052400 0.295300
0.062538 0.315071
0.073405 0.333396
0.084966 0.350353
0.097185 0.366015
0.110025 0.380456
0.123453 0.393748
0.137437 0.405962
0.151943 0.417164
0.166941 0.427422
0.182400 0.436800
0.198291 0.445362
0.214586 0.453170
0.231258 0.460283
0.248279 0.466760
0.265625 0.472656
0.283271 0.478028
0.301194 0.482927
0.319370 0.487406
0.337779 0.491514
0.356400 0.495300
0.375213 0.498810
0.394199 0.502088
0.413341 0.505177
0.432621 0.508120
0.452025 0.510956
0.471537 0.513723
0.491142 0.516457
0.510829 0.519192
0.530585 0.521963
0.550400 0.524800
0.570262 0.527733
0.590164 0.530789
0.610096 0.533996
0.630052 0.537377
0.650025 0.540956
0.670010 0.544754
0.690003 0.548790
0.710000 0.553083
0.730000 0.557648
0.750000 0.562500
0.770000 0.567652
0.790000 0.573115
0.810003 0.578898
0.830010 0.585010
0.850025 0.591456
0.870051 0.598241
0.890096 0.605368
0.910163 0.612837
0.930262 0.620649
0.950400 0.628800
0.970585 0.637287
0.990829 0.646104
1.011142 0.655244
1.031536 0.664699
1.052024 0.674456
1.072621 0.684504
1.093340 0.694829
1.114198 0.705415
1.135212 0.716245
1.156399 0.727300
1.177778 0.738558
1.199369 0.749998
1.221193 0.761595
1.243270 0.773323
1.265624 0.785156
1.288278 0.797063
1.311257 0.809015
1.334585 0.820978
1.358290 0.832918
1.382399 0.844799
1.406940 0.856585
1.431942 0.868235
1.457435 0.879709
1.483452 0.890964
1.510024 0.901956
1.537183 0.912638
1.564965 0.922964
1.593404 0.932884
1.622536 0.942347
1.652398 0.951299
1.683029 0.959688
1.714466 0.967457
1.746750 0.974548
1.779922 0.980901
1.814023 0.986456
1.849096 0.991150
1.885185 0.994918
1.922334 0.997695
1.960590 0.999412
1.999997 1.000000
